<testsuite name="alter_movie.Update movie information" tests="3" errors="0" failures="0" skipped="0" time="6.024897" timestamp="2023-03-28T08:57:52.912830" hostname="MININT-JKTN1EB"><testcase classname="alter_movie.Update movie information" name="Update a movie field -- @1.1 " status="passed" time="1.914899"><system-out>
<![CDATA[
@scenario.begin
  Scenario Outline: Update a movie field -- @1.1 
    Given the movie site "http://127.0.0.1:5000" is opened ... passed in 0.162s
    When I click on the "movie" in the website ... passed in 0.664s
    And I click on the "alter button" ... passed in 0.090s
    And I enter "Joseph Kosinski" as the box bar director-alt ... passed in 0.082s
    And Click on the "update" ... passed in 0.859s
    Then I should see the new director-alt on the page info movie ... passed in 0.058s

@scenario.end
--------------------------------------------------------------------------------
]]>
</system-out></testcase><testcase classname="alter_movie.Update movie information" name="Update a movie field -- @1.2 " status="passed" time="1.79906"><system-out>
<![CDATA[
@scenario.begin
  Scenario Outline: Update a movie field -- @1.2 
    Given the movie site "http://127.0.0.1:5000" is opened ... passed in 0.183s
    When I click on the "movie" in the website ... passed in 0.593s
    And I click on the "alter button" ... passed in 0.064s
    And I enter "Cruise, Jennifer Connelly, Miles Teller" as the box bar main actors-alt ... passed in 0.091s
    And Click on the "update" ... passed in 0.818s
    Then I should see the new main actors-alt on the page info movie ... passed in 0.051s

@scenario.end
--------------------------------------------------------------------------------
]]>
</system-out></testcase><testcase classname="alter_movie.Update movie information" name="Update a movie field -- @1.3 " status="passed" time="2.310937"><system-out>
<![CDATA[
@scenario.begin
  Scenario Outline: Update a movie field -- @1.3 
    Given the movie site "http://127.0.0.1:5000" is opened ... passed in 0.174s
    When I click on the "movie" in the website ... passed in 1.124s
    And I click on the "alter button" ... passed in 0.065s
    And I enter "2022" as the box bar release year-alt ... passed in 0.092s
    And Click on the "update" ... passed in 0.771s
    Then I should see the new release year-alt on the page info movie ... passed in 0.085s

@scenario.end
--------------------------------------------------------------------------------
]]>
</system-out></testcase></testsuite>