<testsuite name="search.Search Functionality" tests="3" errors="0" failures="0" skipped="0" time="17.242218" timestamp="2023-03-28T08:58:26.416434" hostname="MININT-JKTN1EB"><testcase classname="search.Search Functionality" name="Search functionality with different search terms -- @1.1 " status="passed" time="6.50834"><system-out>
<![CDATA[
@scenario.begin
  Scenario Outline: Search functionality with different search terms -- @1.1 
    Given The user is on the home page ... passed in 2.321s
    When The user enters "toy story" in the search field ... passed in 0.086s
    And Clicks the search button ... passed in 1.683s
    Then The search results page should be displayed ... passed in 2.418s

@scenario.end
--------------------------------------------------------------------------------
]]>
</system-out></testcase><testcase classname="search.Search Functionality" name="Search functionality with different search terms -- @1.2 " status="passed" time="6.679831"><system-out>
<![CDATA[
@scenario.begin
  Scenario Outline: Search functionality with different search terms -- @1.2 
    Given The user is on the home page ... passed in 2.338s
    When The user enters "TOY STORY" in the search field ... passed in 0.112s
    And Clicks the search button ... passed in 1.472s
    Then The search results page should be displayed ... passed in 2.758s

@scenario.end
--------------------------------------------------------------------------------
]]>
</system-out></testcase><testcase classname="search.Search Functionality" name="Search functionality with different search terms -- @1.3 " status="passed" time="4.054047"><system-out>
<![CDATA[
@scenario.begin
  Scenario Outline: Search functionality with different search terms -- @1.3 
    Given The user is on the home page ... passed in 1.641s
    When The user enters "nonexistent term" in the search field ... passed in 0.129s
    And Clicks the search button ... passed in 0.106s
    Then The search results page should be displayed ... passed in 2.178s

@scenario.end
--------------------------------------------------------------------------------
]]>
</system-out></testcase></testsuite>